<?xml version="1.0" encoding="UTF-8"?><testsuite errors="1" failures="0" name="tests.WindowsD4_002_AFR_Rejets_001_BienAutre2" skipped="0" tests="1" time="1.38" timestamp="2020-12-01 04:05:43"><testcase classname="tests.WindowsD4_002_AFR_Rejets_001_BienAutre2" name="Name"><error message="'java.lang.String org.apache.commons.io.IOUtils.toString(java.io.InputStream, java.nio.charset.Charset)'" type="java.lang.NoSuchMethodError">'java.lang.String org.apache.commons.io.IOUtils.toString(java.io.InputStream, java.nio.charset.Charset)'</error><system-err>'java.lang.String org.apache.commons.io.IOUtils.toString(java.io.InputStream, java.nio.charset.Charset)'&#13;
io.github.bonigarcia.wdm.versions.Shell.runAndWaitNoLog(Shell.java:66)&#13;
io.github.bonigarcia.wdm.versions.Shell.runAndWaitArray(Shell.java:55)&#13;
io.github.bonigarcia.wdm.versions.Shell.runAndWait(Shell.java:49)&#13;
io.github.bonigarcia.wdm.versions.VersionDetector.getBrowserVersionInWindows(VersionDetector.java:220)&#13;
io.github.bonigarcia.wdm.versions.VersionDetector.getDefaultBrowserVersion(VersionDetector.java:180)&#13;
io.github.bonigarcia.wdm.managers.FirefoxDriverManager.getBrowserVersionFromTheShell(FirefoxDriverManager.java:109)&#13;
io.github.bonigarcia.wdm.WebDriverManager.detectBrowserVersion(WebDriverManager.java:718)&#13;
io.github.bonigarcia.wdm.WebDriverManager.resolveDriverVersion(WebDriverManager.java:587)&#13;
io.github.bonigarcia.wdm.WebDriverManager.manage(WebDriverManager.java:539)&#13;
io.github.bonigarcia.wdm.WebDriverManager.setup(WebDriverManager.java:287)&#13;
tests.WindowsD4_002_AFR_Rejets_001_BienAutre2.name(WindowsD4_002_AFR_Rejets_001_BienAutre2.java:27)&#13;
org.eclipse.jdt.internal.junit4.runner.JUnit4TestReference.run(JUnit4TestReference.java:89)&#13;
org.eclipse.jdt.internal.junit.runner.TestExecution.run(TestExecution.java:41)&#13;
org.eclipse.jdt.internal.junit.runner.RemoteTestRunner.runTests(RemoteTestRunner.java:542)&#13;
org.eclipse.jdt.internal.junit.runner.RemoteTestRunner.runTests(RemoteTestRunner.java:770)&#13;
org.eclipse.jdt.internal.junit.runner.RemoteTestRunner.run(RemoteTestRunner.java:464)&#13;
org.eclipse.jdt.internal.junit.runner.RemoteTestRunner.main(RemoteTestRunner.java:210)&#13;
</system-err></testcase></testsuite>