<?xml version="1.0" encoding="UTF-8"?><testsuite errors="1" failures="0" name="tests.Android_Chrome_D4_002_AFR_Rejets_001_BienAutreTest" skipped="0" tests="1" time="85.58" timestamp="2021-04-14 05:46:32"><testcase classname="tests.Android_Chrome_D4_002_AFR_Rejets_001_BienAutreTest" name="Name"><error message="no such element: Unable to locate element: {&quot;method&quot;:&quot;xpath&quot;,&quot;selector&quot;:&quot;//*[contains(text(),'Ma r�sidence principale')]&quot;}&#10;  (Session info: chrome=88.0.4324.93)&#10;  (Driver info: chromedriver=88.0.4324.96 (68dba2d8a0b149a1d3afac56fa74648032bcf46b-refs/branch-heads/4324@{#1784}),platform=Linux 4.1.13-101.fc21.x86_64 x86_64) (WARNING: The server did not provide any stacktrace information)&#10;Command duration or timeout: 0 milliseconds&#10;For documentation on this error, please visit: https://www.seleniumhq.org/exceptions/no_such_element.html&#10;Build info: version: '3.141.59', revision: 'e82be7d358', time: '2018-11-14T08:17:03'&#10;System info: host: 'DESKTOP-K1UNVH4', ip: '192.168.1.49', os.name: 'Windows 10', os.arch: 'amd64', os.version: '10.0', java.version: '15.0.1'&#10;Driver info: org.openqa.selenium.remote.RemoteWebDriver&#10;Capabilities {64bit: false, acceptSslCert: false, acceptSslCerts: false, appActivity: com.google.android.apps.chr..., appPackage: com.android.chrome, browser: android, browserName: chrome, browser_name: chrome, browserstack.appium_version: 1.17.0, browserstack.is_hub_canary: false, chromeOptions: {args: [--proxy-bypass-list=&lt;-loopb..., test-type, --proxy-server=http://194.1..., --disable-features=TranslateUI], w3c: false}, chromedriverPort: 18082, databaseEnabled: false, detected_language: selenium/3.141.59 (java win..., device: Google Pixel 3, deviceApiLevel: 28, deviceManufacturer: Google, deviceModel: Pixel 3, deviceName: 8ABX0PKLG, deviceOrientation: portrait, deviceScreenDensity: 440, deviceScreenSize: 1080x2160, deviceUDID: 8ABX0PKLG, enablePerformanceLogging: false, javascriptEnabled: true, locationContextEnabled: false, loggingPrefs: org.openqa.selenium.logging..., mobile: {browser: mobile, version: Google Pixel 3-9.0}, networkConnectionEnabled: true, newCommandTimeout: 0, new_bucketing: true, orientation: PORTRAIT, orig_os: android, osVersion: 9.0, os_version: 9.0, pixelRatio: 2.75, platform: ANDROID, platformName: ANDROID, platformVersion: 9, realMobile: true, real_mobile: true, sessionName: Android test, skipServerInstallation: true, statBarHeight: 66, systemPort: 8202, takesScreenshot: true, udid: 8ABX0PKLG, version: , viewportRect: {height: 1962, left: 0, top: 66, width: 1080}, warnings: {}, webStorageEnabled: false}&#10;Session ID: 0f0b87beb5f478025c332617c3c3c4d611757567&#10;*** Element info: {Using=xpath, value=//*[contains(text(),'Ma r�sidence principale')]}" type="org.openqa.selenium.NoSuchElementException">no such element: Unable to locate element: {"method":"xpath","selector":"//*[contains(text(),'Ma r�sidence principale')]"}
  (Session info: chrome=88.0.4324.93)
  (Driver info: chromedriver=88.0.4324.96 (68dba2d8a0b149a1d3afac56fa74648032bcf46b-refs/branch-heads/4324@{#1784}),platform=Linux 4.1.13-101.fc21.x86_64 x86_64) (WARNING: The server did not provide any stacktrace information)
Command duration or timeout: 0 milliseconds
For documentation on this error, please visit: https://www.seleniumhq.org/exceptions/no_such_element.html
Build info: version: '3.141.59', revision: 'e82be7d358', time: '2018-11-14T08:17:03'
System info: host: 'DESKTOP-K1UNVH4', ip: '192.168.1.49', os.name: 'Windows 10', os.arch: 'amd64', os.version: '10.0', java.version: '15.0.1'
Driver info: org.openqa.selenium.remote.RemoteWebDriver
Capabilities {64bit: false, acceptSslCert: false, acceptSslCerts: false, appActivity: com.google.android.apps.chr..., appPackage: com.android.chrome, browser: android, browserName: chrome, browser_name: chrome, browserstack.appium_version: 1.17.0, browserstack.is_hub_canary: false, chromeOptions: {args: [--proxy-bypass-list=&lt;-loopb..., test-type, --proxy-server=http://194.1..., --disable-features=TranslateUI], w3c: false}, chromedriverPort: 18082, databaseEnabled: false, detected_language: selenium/3.141.59 (java win..., device: Google Pixel 3, deviceApiLevel: 28, deviceManufacturer: Google, deviceModel: Pixel 3, deviceName: 8ABX0PKLG, deviceOrientation: portrait, deviceScreenDensity: 440, deviceScreenSize: 1080x2160, deviceUDID: 8ABX0PKLG, enablePerformanceLogging: false, javascriptEnabled: true, locationContextEnabled: false, loggingPrefs: org.openqa.selenium.logging..., mobile: {browser: mobile, version: Google Pixel 3-9.0}, networkConnectionEnabled: true, newCommandTimeout: 0, new_bucketing: true, orientation: PORTRAIT, orig_os: android, osVersion: 9.0, os_version: 9.0, pixelRatio: 2.75, platform: ANDROID, platformName: ANDROID, platformVersion: 9, realMobile: true, real_mobile: true, sessionName: Android test, skipServerInstallation: true, statBarHeight: 66, systemPort: 8202, takesScreenshot: true, udid: 8ABX0PKLG, version: , viewportRect: {height: 1962, left: 0, top: 66, width: 1080}, warnings: {}, webStorageEnabled: false}
Session ID: 0f0b87beb5f478025c332617c3c3c4d611757567
*** Element info: {Using=xpath, value=//*[contains(text(),'Ma r�sidence principale')]}</error><system-err>no such element: Unable to locate element: {"method":"xpath","selector":"//*[contains(text(),'Ma r�sidence principale')]"}
  (Session info: chrome=88.0.4324.93)
  (Driver info: chromedriver=88.0.4324.96 (68dba2d8a0b149a1d3afac56fa74648032bcf46b-refs/branch-heads/4324@{#1784}),platform=Linux 4.1.13-101.fc21.x86_64 x86_64) (WARNING: The server did not provide any stacktrace information)
Command duration or timeout: 0 milliseconds
For documentation on this error, please visit: https://www.seleniumhq.org/exceptions/no_such_element.html
Build info: version: '3.141.59', revision: 'e82be7d358', time: '2018-11-14T08:17:03'
System info: host: 'DESKTOP-K1UNVH4', ip: '192.168.1.49', os.name: 'Windows 10', os.arch: 'amd64', os.version: '10.0', java.version: '15.0.1'
Driver info: org.openqa.selenium.remote.RemoteWebDriver
Capabilities {64bit: false, acceptSslCert: false, acceptSslCerts: false, appActivity: com.google.android.apps.chr..., appPackage: com.android.chrome, browser: android, browserName: chrome, browser_name: chrome, browserstack.appium_version: 1.17.0, browserstack.is_hub_canary: false, chromeOptions: {args: [--proxy-bypass-list=&lt;-loopb..., test-type, --proxy-server=http://194.1..., --disable-features=TranslateUI], w3c: false}, chromedriverPort: 18082, databaseEnabled: false, detected_language: selenium/3.141.59 (java win..., device: Google Pixel 3, deviceApiLevel: 28, deviceManufacturer: Google, deviceModel: Pixel 3, deviceName: 8ABX0PKLG, deviceOrientation: portrait, deviceScreenDensity: 440, deviceScreenSize: 1080x2160, deviceUDID: 8ABX0PKLG, enablePerformanceLogging: false, javascriptEnabled: true, locationContextEnabled: false, loggingPrefs: org.openqa.selenium.logging..., mobile: {browser: mobile, version: Google Pixel 3-9.0}, networkConnectionEnabled: true, newCommandTimeout: 0, new_bucketing: true, orientation: PORTRAIT, orig_os: android, osVersion: 9.0, os_version: 9.0, pixelRatio: 2.75, platform: ANDROID, platformName: ANDROID, platformVersion: 9, realMobile: true, real_mobile: true, sessionName: Android test, skipServerInstallation: true, statBarHeight: 66, systemPort: 8202, takesScreenshot: true, udid: 8ABX0PKLG, version: , viewportRect: {height: 1962, left: 0, top: 66, width: 1080}, warnings: {}, webStorageEnabled: false}
Session ID: 0f0b87beb5f478025c332617c3c3c4d611757567
*** Element info: {Using=xpath, value=//*[contains(text(),'Ma r�sidence principale')]}&#13;
tests.Android_Chrome_D4_002_AFR_Rejets_001_BienAutreTest.name(Android_Chrome_D4_002_AFR_Rejets_001_BienAutreTest.java:65)&#13;
org.eclipse.jdt.internal.junit4.runner.JUnit4TestReference.run(JUnit4TestReference.java:89)&#13;
org.eclipse.jdt.internal.junit.runner.TestExecution.run(TestExecution.java:41)&#13;
org.eclipse.jdt.internal.junit.runner.RemoteTestRunner.runTests(RemoteTestRunner.java:542)&#13;
org.eclipse.jdt.internal.junit.runner.RemoteTestRunner.runTests(RemoteTestRunner.java:770)&#13;
org.eclipse.jdt.internal.junit.runner.RemoteTestRunner.run(RemoteTestRunner.java:464)&#13;
org.eclipse.jdt.internal.junit.runner.RemoteTestRunner.main(RemoteTestRunner.java:210)&#13;
</system-err></testcase></testsuite>