<?xml version="1.0" encoding="UTF-8"?><testsuite errors="1" failures="0" name="tests.Android_Firefox_D4_002_AFR_Rejets_001_BienAutre_Test" skipped="0" tests="1" time="91.64" timestamp="2020-12-04 10:35:07"><testcase classname="tests.Android_Firefox_D4_002_AFR_Rejets_001_BienAutre_Test" name="Name"><error message="An element could not be located on the page using the given search parameters. (WARNING: The server did not provide any stacktrace information)&#10;Command duration or timeout: 0 milliseconds&#10;For documentation on this error, please visit: https://www.seleniumhq.org/exceptions/no_such_element.html&#10;Build info: version: '3.141.59', revision: 'e82be7d358', time: '2018-11-14T08:17:03'&#10;System info: host: 'ANONYME-PC', ip: '192.168.1.16', os.name: 'Windows 10', os.arch: 'amd64', os.version: '10.0', java.version: '14.0.1'&#10;Driver info: io.appium.java_client.android.AndroidDriver&#10;Capabilities {64bit: false, acceptSslCert: false, acceptSslCerts: false, adbExecTimeout: 120000, appActivity: org.mozilla.firefox.App, appPackage: org.mozilla.firefox, automationName: uiautomator2, browserstack.is_hub_canary: false, browserstack.minOSVersion: 5.0, buildName: Java Android, bundleID: org.mozilla.firefox, bundleId: org.mozilla.firefox, chromeOptions: {w3c: false}, chromedriverPort: 18085, databaseEnabled: false, detected_language: selenium/3.141.59 (java win..., device: google pixel 3, deviceApiLevel: 28, deviceManufacturer: Google, deviceModel: Pixel 3, deviceName: 8ATX0Z2BK, deviceScreenDensity: 440, deviceScreenSize: 1080x2160, deviceUDID: 8ATX0Z2BK, enablePerformanceLogging: false, javascriptEnabled: true, locationContextEnabled: false, mobile: {browser: mobile, version: Google Pixel 3-9.0}, nativeWebScreenshot: true, networkConnectionEnabled: true, newCommandTimeout: 0, new_bucketing: true, orig_os: android, osVersion: 9.0, os_version: 9.0, pixelRatio: 2.75, platform: ANDROID, platformName: Android, platformVersion: 9, projectName: First Java Project, realMobile: true, real_mobile: true, sessionName: Firefox Mario Test, statBarHeight: 66, systemPort: 8205, takesScreenshot: true, udid: 8ATX0Z2BK, uiautomator2ServerLaunchTimeout: 60000, version: , viewportRect: {height: 1962, left: 0, top: 66, width: 1080}, warnings: {}, webStorageEnabled: false}&#10;Session ID: 44dbd261adf1c140ee1c1f335db74c679da4a194&#10;*** Element info: {Using=xpath, value=//*[contains(text(),'Accepter')]}" type="org.openqa.selenium.NoSuchElementException">An element could not be located on the page using the given search parameters. (WARNING: The server did not provide any stacktrace information)
Command duration or timeout: 0 milliseconds
For documentation on this error, please visit: https://www.seleniumhq.org/exceptions/no_such_element.html
Build info: version: '3.141.59', revision: 'e82be7d358', time: '2018-11-14T08:17:03'
System info: host: 'ANONYME-PC', ip: '192.168.1.16', os.name: 'Windows 10', os.arch: 'amd64', os.version: '10.0', java.version: '14.0.1'
Driver info: io.appium.java_client.android.AndroidDriver
Capabilities {64bit: false, acceptSslCert: false, acceptSslCerts: false, adbExecTimeout: 120000, appActivity: org.mozilla.firefox.App, appPackage: org.mozilla.firefox, automationName: uiautomator2, browserstack.is_hub_canary: false, browserstack.minOSVersion: 5.0, buildName: Java Android, bundleID: org.mozilla.firefox, bundleId: org.mozilla.firefox, chromeOptions: {w3c: false}, chromedriverPort: 18085, databaseEnabled: false, detected_language: selenium/3.141.59 (java win..., device: google pixel 3, deviceApiLevel: 28, deviceManufacturer: Google, deviceModel: Pixel 3, deviceName: 8ATX0Z2BK, deviceScreenDensity: 440, deviceScreenSize: 1080x2160, deviceUDID: 8ATX0Z2BK, enablePerformanceLogging: false, javascriptEnabled: true, locationContextEnabled: false, mobile: {browser: mobile, version: Google Pixel 3-9.0}, nativeWebScreenshot: true, networkConnectionEnabled: true, newCommandTimeout: 0, new_bucketing: true, orig_os: android, osVersion: 9.0, os_version: 9.0, pixelRatio: 2.75, platform: ANDROID, platformName: Android, platformVersion: 9, projectName: First Java Project, realMobile: true, real_mobile: true, sessionName: Firefox Mario Test, statBarHeight: 66, systemPort: 8205, takesScreenshot: true, udid: 8ATX0Z2BK, uiautomator2ServerLaunchTimeout: 60000, version: , viewportRect: {height: 1962, left: 0, top: 66, width: 1080}, warnings: {}, webStorageEnabled: false}
Session ID: 44dbd261adf1c140ee1c1f335db74c679da4a194
*** Element info: {Using=xpath, value=//*[contains(text(),'Accepter')]}</error><system-err>An element could not be located on the page using the given search parameters. (WARNING: The server did not provide any stacktrace information)
Command duration or timeout: 0 milliseconds
For documentation on this error, please visit: https://www.seleniumhq.org/exceptions/no_such_element.html
Build info: version: '3.141.59', revision: 'e82be7d358', time: '2018-11-14T08:17:03'
System info: host: 'ANONYME-PC', ip: '192.168.1.16', os.name: 'Windows 10', os.arch: 'amd64', os.version: '10.0', java.version: '14.0.1'
Driver info: io.appium.java_client.android.AndroidDriver
Capabilities {64bit: false, acceptSslCert: false, acceptSslCerts: false, adbExecTimeout: 120000, appActivity: org.mozilla.firefox.App, appPackage: org.mozilla.firefox, automationName: uiautomator2, browserstack.is_hub_canary: false, browserstack.minOSVersion: 5.0, buildName: Java Android, bundleID: org.mozilla.firefox, bundleId: org.mozilla.firefox, chromeOptions: {w3c: false}, chromedriverPort: 18085, databaseEnabled: false, detected_language: selenium/3.141.59 (java win..., device: google pixel 3, deviceApiLevel: 28, deviceManufacturer: Google, deviceModel: Pixel 3, deviceName: 8ATX0Z2BK, deviceScreenDensity: 440, deviceScreenSize: 1080x2160, deviceUDID: 8ATX0Z2BK, enablePerformanceLogging: false, javascriptEnabled: true, locationContextEnabled: false, mobile: {browser: mobile, version: Google Pixel 3-9.0}, nativeWebScreenshot: true, networkConnectionEnabled: true, newCommandTimeout: 0, new_bucketing: true, orig_os: android, osVersion: 9.0, os_version: 9.0, pixelRatio: 2.75, platform: ANDROID, platformName: Android, platformVersion: 9, projectName: First Java Project, realMobile: true, real_mobile: true, sessionName: Firefox Mario Test, statBarHeight: 66, systemPort: 8205, takesScreenshot: true, udid: 8ATX0Z2BK, uiautomator2ServerLaunchTimeout: 60000, version: , viewportRect: {height: 1962, left: 0, top: 66, width: 1080}, warnings: {}, webStorageEnabled: false}
Session ID: 44dbd261adf1c140ee1c1f335db74c679da4a194
*** Element info: {Using=xpath, value=//*[contains(text(),'Accepter')]}&#13;
io.appium.java_client.remote.AppiumCommandExecutor.execute(AppiumCommandExecutor.java:239)&#13;
io.appium.java_client.DefaultGenericMobileDriver.execute(DefaultGenericMobileDriver.java:42)&#13;
io.appium.java_client.AppiumDriver.execute(AppiumDriver.java:1)&#13;
io.appium.java_client.android.AndroidDriver.execute(AndroidDriver.java:1)&#13;
io.appium.java_client.DefaultGenericMobileDriver.findElement(DefaultGenericMobileDriver.java:62)&#13;
io.appium.java_client.AppiumDriver.findElement(AppiumDriver.java:1)&#13;
io.appium.java_client.android.AndroidDriver.findElement(AndroidDriver.java:1)&#13;
io.appium.java_client.DefaultGenericMobileDriver.findElementByXPath(DefaultGenericMobileDriver.java:152)&#13;
io.appium.java_client.AppiumDriver.findElementByXPath(AppiumDriver.java:1)&#13;
io.appium.java_client.android.AndroidDriver.findElementByXPath(AndroidDriver.java:1)&#13;
io.appium.java_client.DefaultGenericMobileDriver.findElement(DefaultGenericMobileDriver.java:58)&#13;
io.appium.java_client.AppiumDriver.findElement(AppiumDriver.java:1)&#13;
io.appium.java_client.android.AndroidDriver.findElement(AndroidDriver.java:1)&#13;
tests.Android_Firefox_D4_002_AFR_Rejets_001_BienAutre_Test.name(Android_Firefox_D4_002_AFR_Rejets_001_BienAutre_Test.java:73)&#13;
org.eclipse.jdt.internal.junit4.runner.JUnit4TestReference.run(JUnit4TestReference.java:89)&#13;
org.eclipse.jdt.internal.junit.runner.TestExecution.run(TestExecution.java:41)&#13;
org.eclipse.jdt.internal.junit.runner.RemoteTestRunner.runTests(RemoteTestRunner.java:542)&#13;
org.eclipse.jdt.internal.junit.runner.RemoteTestRunner.runTests(RemoteTestRunner.java:770)&#13;
org.eclipse.jdt.internal.junit.runner.RemoteTestRunner.run(RemoteTestRunner.java:464)&#13;
org.eclipse.jdt.internal.junit.runner.RemoteTestRunner.main(RemoteTestRunner.java:210)&#13;
</system-err></testcase></testsuite>