<?xml version="1.0" encoding="UTF-8"?><testsuite errors="1" failures="0" name="tests.Android_Chrome_D4_002_AFR_Rejets_001_BienAutreTest" skipped="0" tests="1" time="93.73" timestamp="2020-12-04 10:16:31"><testcase classname="tests.Android_Chrome_D4_002_AFR_Rejets_001_BienAutreTest" name="Name"><error message="An element could not be located on the page using the given search parameters. (WARNING: The server did not provide any stacktrace information)&#10;Command duration or timeout: 0 milliseconds&#10;For documentation on this error, please visit: https://www.seleniumhq.org/exceptions/no_such_element.html&#10;Build info: version: '3.141.59', revision: 'e82be7d358', time: '2018-11-14T08:17:03'&#10;System info: host: 'ANONYME-PC', ip: '192.168.1.16', os.name: 'Windows 10', os.arch: 'amd64', os.version: '10.0', java.version: '14.0.1'&#10;Driver info: org.openqa.selenium.remote.RemoteWebDriver&#10;Capabilities {64bit: false, acceptSslCert: false, acceptSslCerts: false, adbExecTimeout: 120000, appActivity: org.mozilla.firefox.App, appPackage: org.mozilla.firefox, automationName: uiautomator2, browser_name: Firefox, browserstack.is_hub_canary: false, browserstack.minOSVersion: 5.0, bundleID: org.mozilla.firefox, bundleId: org.mozilla.firefox, chromeOptions: {w3c: false}, chromedriverPort: 18082, databaseEnabled: false, detected_language: selenium/3.141.59 (java win..., device: google pixel 3, deviceApiLevel: 28, deviceManufacturer: Google, deviceModel: Pixel 3, deviceName: 8ATX0Z2RZ, deviceScreenDensity: 440, deviceScreenSize: 1080x2160, deviceUDID: 8ATX0Z2RZ, enablePerformanceLogging: false, javascriptEnabled: true, locationContextEnabled: false, mobile: {browser: mobile, version: Google Pixel 3-9.0}, nativeWebScreenshot: true, networkConnectionEnabled: true, newCommandTimeout: 0, new_bucketing: true, orig_os: android, osVersion: 9.0, os_version: 9.0, pixelRatio: 2.75, platform: ANDROID, platformName: ANDROID, platformVersion: 9, realMobile: true, real_mobile: true, sessionName: Android test, statBarHeight: 66, systemPort: 8202, takesScreenshot: true, udid: 8ATX0Z2RZ, uiautomator2ServerLaunchTimeout: 60000, version: , viewportRect: {height: 1962, left: 0, top: 66, width: 1080}, warnings: {}, webStorageEnabled: false}&#10;Session ID: 3e402b1db1591c43177c86702d96bc0776b2b06e&#10;*** Element info: {Using=xpath, value=//*[contains(text(),'Accepter')]}" type="org.openqa.selenium.NoSuchElementException">An element could not be located on the page using the given search parameters. (WARNING: The server did not provide any stacktrace information)
Command duration or timeout: 0 milliseconds
For documentation on this error, please visit: https://www.seleniumhq.org/exceptions/no_such_element.html
Build info: version: '3.141.59', revision: 'e82be7d358', time: '2018-11-14T08:17:03'
System info: host: 'ANONYME-PC', ip: '192.168.1.16', os.name: 'Windows 10', os.arch: 'amd64', os.version: '10.0', java.version: '14.0.1'
Driver info: org.openqa.selenium.remote.RemoteWebDriver
Capabilities {64bit: false, acceptSslCert: false, acceptSslCerts: false, adbExecTimeout: 120000, appActivity: org.mozilla.firefox.App, appPackage: org.mozilla.firefox, automationName: uiautomator2, browser_name: Firefox, browserstack.is_hub_canary: false, browserstack.minOSVersion: 5.0, bundleID: org.mozilla.firefox, bundleId: org.mozilla.firefox, chromeOptions: {w3c: false}, chromedriverPort: 18082, databaseEnabled: false, detected_language: selenium/3.141.59 (java win..., device: google pixel 3, deviceApiLevel: 28, deviceManufacturer: Google, deviceModel: Pixel 3, deviceName: 8ATX0Z2RZ, deviceScreenDensity: 440, deviceScreenSize: 1080x2160, deviceUDID: 8ATX0Z2RZ, enablePerformanceLogging: false, javascriptEnabled: true, locationContextEnabled: false, mobile: {browser: mobile, version: Google Pixel 3-9.0}, nativeWebScreenshot: true, networkConnectionEnabled: true, newCommandTimeout: 0, new_bucketing: true, orig_os: android, osVersion: 9.0, os_version: 9.0, pixelRatio: 2.75, platform: ANDROID, platformName: ANDROID, platformVersion: 9, realMobile: true, real_mobile: true, sessionName: Android test, statBarHeight: 66, systemPort: 8202, takesScreenshot: true, udid: 8ATX0Z2RZ, uiautomator2ServerLaunchTimeout: 60000, version: , viewportRect: {height: 1962, left: 0, top: 66, width: 1080}, warnings: {}, webStorageEnabled: false}
Session ID: 3e402b1db1591c43177c86702d96bc0776b2b06e
*** Element info: {Using=xpath, value=//*[contains(text(),'Accepter')]}</error><system-err>An element could not be located on the page using the given search parameters. (WARNING: The server did not provide any stacktrace information)
Command duration or timeout: 0 milliseconds
For documentation on this error, please visit: https://www.seleniumhq.org/exceptions/no_such_element.html
Build info: version: '3.141.59', revision: 'e82be7d358', time: '2018-11-14T08:17:03'
System info: host: 'ANONYME-PC', ip: '192.168.1.16', os.name: 'Windows 10', os.arch: 'amd64', os.version: '10.0', java.version: '14.0.1'
Driver info: org.openqa.selenium.remote.RemoteWebDriver
Capabilities {64bit: false, acceptSslCert: false, acceptSslCerts: false, adbExecTimeout: 120000, appActivity: org.mozilla.firefox.App, appPackage: org.mozilla.firefox, automationName: uiautomator2, browser_name: Firefox, browserstack.is_hub_canary: false, browserstack.minOSVersion: 5.0, bundleID: org.mozilla.firefox, bundleId: org.mozilla.firefox, chromeOptions: {w3c: false}, chromedriverPort: 18082, databaseEnabled: false, detected_language: selenium/3.141.59 (java win..., device: google pixel 3, deviceApiLevel: 28, deviceManufacturer: Google, deviceModel: Pixel 3, deviceName: 8ATX0Z2RZ, deviceScreenDensity: 440, deviceScreenSize: 1080x2160, deviceUDID: 8ATX0Z2RZ, enablePerformanceLogging: false, javascriptEnabled: true, locationContextEnabled: false, mobile: {browser: mobile, version: Google Pixel 3-9.0}, nativeWebScreenshot: true, networkConnectionEnabled: true, newCommandTimeout: 0, new_bucketing: true, orig_os: android, osVersion: 9.0, os_version: 9.0, pixelRatio: 2.75, platform: ANDROID, platformName: ANDROID, platformVersion: 9, realMobile: true, real_mobile: true, sessionName: Android test, statBarHeight: 66, systemPort: 8202, takesScreenshot: true, udid: 8ATX0Z2RZ, uiautomator2ServerLaunchTimeout: 60000, version: , viewportRect: {height: 1962, left: 0, top: 66, width: 1080}, warnings: {}, webStorageEnabled: false}
Session ID: 3e402b1db1591c43177c86702d96bc0776b2b06e
*** Element info: {Using=xpath, value=//*[contains(text(),'Accepter')]}&#13;
tests.Android_Chrome_D4_002_AFR_Rejets_001_BienAutreTest.name(Android_Chrome_D4_002_AFR_Rejets_001_BienAutreTest.java:52)&#13;
org.eclipse.jdt.internal.junit4.runner.JUnit4TestReference.run(JUnit4TestReference.java:89)&#13;
org.eclipse.jdt.internal.junit.runner.TestExecution.run(TestExecution.java:41)&#13;
org.eclipse.jdt.internal.junit.runner.RemoteTestRunner.runTests(RemoteTestRunner.java:542)&#13;
org.eclipse.jdt.internal.junit.runner.RemoteTestRunner.runTests(RemoteTestRunner.java:770)&#13;
org.eclipse.jdt.internal.junit.runner.RemoteTestRunner.run(RemoteTestRunner.java:464)&#13;
org.eclipse.jdt.internal.junit.runner.RemoteTestRunner.main(RemoteTestRunner.java:210)&#13;
</system-err></testcase></testsuite>